0 info it worked if it ends with ok
1 verbose cli [ '/nix/store/1aa5xy6a72bhxyd45j7f4mwy60kfvg1n-nodejs-7.6.0/bin/node',
1 verbose cli   '/run/current-system/sw/bin/npm',
1 verbose cli   'start' ]
2 info using npm@4.1.2
3 info using node@v7.6.0
4 verbose stack Error: ENOENT: no such file or directory, open '/home/adarsh/dividat/dev/elm-bluetooth/example/package.json'
5 verbose cwd /home/adarsh/dividat/dev/elm-bluetooth/example
6 error Linux 4.9.31
7 error argv "/nix/store/1aa5xy6a72bhxyd45j7f4mwy60kfvg1n-nodejs-7.6.0/bin/node" "/run/current-system/sw/bin/npm" "start"
8 error node v7.6.0
9 error npm  v4.1.2
10 error path /home/adarsh/dividat/dev/elm-bluetooth/example/package.json
11 error code ENOENT
12 error errno -2
13 error syscall open
14 error enoent ENOENT: no such file or directory, open '/home/adarsh/dividat/dev/elm-bluetooth/example/package.json'
15 error enoent ENOENT: no such file or directory, open '/home/adarsh/dividat/dev/elm-bluetooth/example/package.json'
15 error enoent This is most likely not a problem with npm itself
15 error enoent and is related to npm not being able to find a file.
16 verbose exit [ -2, true ]
